{
  "RSpec": {
    "coverage": {
      "/Users/joannacollier/Documents/Coding/Makers/Course/Practical/Encap/secret_diary/secret_diary/spec/secret_diary_editor_spec.rb": {
        "lines": [
          1,
          1,
          null,
          1,
          null,
          1,
          1,
          1,
          1,
          1,
          null,
          null,
          1,
          2,
          null,
          null,
          null,
          1,
          1,
          1,
          1,
          1,
          null,
          null,
          1,
          1,
          1,
          1,
          1,
          null,
          null,
          1,
          2,
          null,
          null,
          null,
          1,
          1,
          1,
          null,
          null,
          null,
          1,
          1,
          1,
          null,
          null,
          null,
          1,
          1,
          1,
          1,
          null,
          null,
          null,
          null,
          null
        ]
      },
      "/Users/joannacollier/Documents/Coding/Makers/Course/Practical/Encap/secret_diary/secret_diary/lib/secret_diary_editor.rb": {
        "lines": [
          1,
          null,
          1,
          null,
          1,
          null,
          1,
          8,
          8,
          null,
          null,
          1,
          5,
          4,
          null,
          null,
          1,
          3,
          2,
          1,
          null,
          1,
          1,
          1,
          null,
          null,
          null,
          null,
          1,
          5,
          null,
          null,
          1,
          1,
          null,
          null,
          1,
          9,
          null,
          null
        ]
      },
      "/Users/joannacollier/Documents/Coding/Makers/Course/Practical/Encap/secret_diary/secret_diary/lib/secret_diary_locked.rb": {
        "lines": [
          1,
          null,
          1,
          null,
          1,
          11,
          null,
          null,
          1,
          3,
          2,
          null,
          null,
          1,
          7,
          null,
          null
        ]
      },
      "/Users/joannacollier/Documents/Coding/Makers/Course/Practical/Encap/secret_diary/secret_diary/spec/secret_diary_locked_spec.rb": {
        "lines": [
          1,
          null,
          1,
          1,
          null,
          1,
          1,
          1,
          null,
          null,
          1,
          1,
          2,
          null,
          null,
          null,
          1,
          null,
          1,
          1,
          null,
          null,
          null
        ]
      }
    },
    "timestamp": 1595170021
  }
}
